<?xml version="1.0" encoding="UTF-8"?>
<!-- Generated by org.testng.reporters.JUnitXMLReporter -->
<testsuite hostname="INCHLPT113" ignored="2" name="Default test" tests="1" failures="0" timestamp="06 Jul 2019 14:01:34 GMT" time="30.593" errors="0">
  <testcase name="calenderselection" time="6.931" classname="Com.qa.crm.pageTest.homepageTest"/>
  <testcase name="loginnameverification" time="0.0" classname="Com.qa.crm.pageTest.homepageTest">
    <ignored/>
  </testcase> <!-- loginnameverification -->
  <testcase name="getthepagetitle" time="0.0" classname="Com.qa.crm.pageTest.homepageTest">
    <ignored/>
  </testcase> <!-- getthepagetitle -->
</testsuite> <!-- Default test -->
